Sending build context to Docker daemon  92.07MB
Step 1/11 : FROM mcr.microsoft.com/dotnet/core/sdk:2.2-stretch AS base
 ---> 1717b99d2535
Step 2/11 : WORKDIR /app
 ---> Using cache
 ---> 52f9e330e58c
Step 3/11 : EXPOSE 443
 ---> Running in aeb54ccb32b8
Removing intermediate container aeb54ccb32b8
 ---> f4876a161f9a
Step 4/11 : COPY . ./
 ---> 3e8dbd015c5d
Step 5/11 : RUN rm src/SimplCommerce.WebHost/Migrations/* && cp -f src/SimplCommerce.WebHost/appsettings.docker.json src/SimplCommerce.WebHost/appsettings.json
 ---> Running in 27910b63d175
Removing intermediate container 27910b63d175
 ---> 672026332229
Step 6/11 : RUN dotnet build SimplCommerce.sln
 ---> Running in 70280cb06ab0
Microsoft (R) Build Engine version 16.2.32702+c4012a063 for .NET Core
Copyright (C) Microsoft Corporation. All rights reserved.

